<?xml version="1.0" encoding="UTF-8"?>
<testng-results skipped="0" failed="0" ignored="0" total="2" passed="2">
  <reporter-output>
  </reporter-output>
  <suite name="Suite" duration-ms="114682" started-at="2020-04-09T19:05:59 IST" finished-at="2020-04-09T19:07:53 IST">
    <groups>
    </groups>
    <test name="Test" duration-ms="114682" started-at="2020-04-09T19:05:59 IST" finished-at="2020-04-09T19:07:53 IST">
      <class name="Basics.SoftAssrtExample">
        <test-method status="PASS" signature="setUp()[pri:0, instance:Basics.SoftAssrtExample@127982]" name="setUp" is-config="true" duration-ms="57860" started-at="2020-04-09T19:05:59 IST" finished-at="2020-04-09T19:06:57 IST">
          <reporter-output>
          </reporter-output>
        </test-method> <!-- setUp -->
        <test-method status="PASS" signature="samp()[pri:0, instance:Basics.SoftAssrtExample@127982]" name="samp" duration-ms="1484" started-at="2020-04-09T19:07:51 IST" finished-at="2020-04-09T19:07:53 IST">
          <reporter-output>
          </reporter-output>
        </test-method> <!-- samp -->
        <test-method status="PASS" signature="tearDown()[pri:0, instance:Basics.SoftAssrtExample@127982]" name="tearDown" is-config="true" duration-ms="777" started-at="2020-04-09T19:07:53 IST" finished-at="2020-04-09T19:07:53 IST">
          <reporter-output>
          </reporter-output>
        </test-method> <!-- tearDown -->
      </class> <!-- Basics.SoftAssrtExample -->
      <class name="Basics.Google1">
        <test-method status="PASS" signature="set()[pri:0, instance:Basics.Google1@c6f5b]" name="set" duration-ms="54005" started-at="2020-04-09T19:06:57 IST" finished-at="2020-04-09T19:07:51 IST">
          <reporter-output>
          </reporter-output>
        </test-method> <!-- set -->
      </class> <!-- Basics.Google1 -->
    </test> <!-- Test -->
  </suite> <!-- Suite -->
</testng-results>
