<?xml version="1.0" encoding="UTF-8"?>
<testng-results skipped="0" failed="0" total="1" passed="1">
  <reporter-output>
  </reporter-output>
  <suite name="Default suite" duration-ms="41153" started-at="2020-07-06T09:05:23Z" finished-at="2020-07-06T09:06:05Z">
    <groups>
    </groups>
    <test name="Default test" duration-ms="41153" started-at="2020-07-06T09:05:23Z" finished-at="2020-07-06T09:06:05Z">
      <class name="Basics.KeyboardEvents">
        <test-method status="PASS" signature="setUp()[pri:0, instance:Basics.KeyboardEvents@1fa3a9d]" name="setUp" is-config="true" duration-ms="35249" started-at="2020-07-06T14:35:24Z" finished-at="2020-07-06T14:35:59Z">
          <reporter-output>
          </reporter-output>
        </test-method> <!-- setUp -->
        <test-method status="PASS" signature="key_board()[pri:0, instance:Basics.KeyboardEvents@1fa3a9d]" name="key_board" duration-ms="4636" started-at="2020-07-06T14:36:00Z" finished-at="2020-07-06T14:36:05Z">
          <reporter-output>
          </reporter-output>
        </test-method> <!-- key_board -->
      </class> <!-- Basics.KeyboardEvents -->
    </test> <!-- Default test -->
  </suite> <!-- Default suite -->
</testng-results>
